  Source.cpp
D:\leaky bucket\LeakyBucket\DabbaProject\DabbaProject\Source.cpp(53,39): warning C4244: 'argument': conversion from 'int' to 'GLfloat', possible loss of data
D:\leaky bucket\LeakyBucket\DabbaProject\DabbaProject\Source.cpp(53,25): warning C4244: 'argument': conversion from 'int' to 'GLfloat', possible loss of data
D:\leaky bucket\LeakyBucket\DabbaProject\DabbaProject\Source.cpp(57,40): warning C4244: 'argument': conversion from 'int' to 'GLfloat', possible loss of data
D:\leaky bucket\LeakyBucket\DabbaProject\DabbaProject\Source.cpp(57,26): warning C4244: 'argument': conversion from 'int' to 'GLfloat', possible loss of data
D:\leaky bucket\LeakyBucket\DabbaProject\DabbaProject\Source.cpp(71,13): warning C4101: 'y': unreferenced local variable
D:\leaky bucket\LeakyBucket\DabbaProject\DabbaProject\Source.cpp(71,10): warning C4101: 'x': unreferenced local variable
D:\leaky bucket\LeakyBucket\DabbaProject\DabbaProject\Source.cpp(113,25): warning C4305: 'argument': truncation from 'double' to 'GLfloat'
D:\leaky bucket\LeakyBucket\DabbaProject\DabbaProject\Source.cpp(145,27): warning C4305: 'argument': truncation from 'double' to 'GLfloat'
D:\leaky bucket\LeakyBucket\DabbaProject\DabbaProject\Source.cpp(166,42): warning C4101: 'e': unreferenced local variable
D:\leaky bucket\LeakyBucket\DabbaProject\DabbaProject\Source.cpp(282,25): warning C4305: 'argument': truncation from 'double' to 'GLfloat'
D:\leaky bucket\LeakyBucket\DabbaProject\DabbaProject\Source.cpp(292,25): warning C4305: 'argument': truncation from 'double' to 'GLfloat'
D:\leaky bucket\LeakyBucket\DabbaProject\DabbaProject\Source.cpp(301,25): warning C4305: 'argument': truncation from 'double' to 'GLfloat'
D:\leaky bucket\LeakyBucket\DabbaProject\DabbaProject\Source.cpp(335,25): warning C4305: 'argument': truncation from 'double' to 'GLfloat'
D:\leaky bucket\LeakyBucket\DabbaProject\DabbaProject\Source.cpp(343,26): warning C4305: 'argument': truncation from 'double' to 'GLfloat'
D:\leaky bucket\LeakyBucket\DabbaProject\DabbaProject\Source.cpp(480,25): warning C4305: 'argument': truncation from 'double' to 'GLfloat'
D:\leaky bucket\LeakyBucket\DabbaProject\DabbaProject\Source.cpp(486,25): warning C4305: 'argument': truncation from 'double' to 'GLfloat'
D:\leaky bucket\LeakyBucket\DabbaProject\DabbaProject\Source.cpp(489,27): warning C4305: 'argument': truncation from 'double' to 'GLfloat'
D:\leaky bucket\LeakyBucket\DabbaProject\DabbaProject\Source.cpp(492,25): warning C4305: 'argument': truncation from 'double' to 'GLfloat'
D:\leaky bucket\LeakyBucket\DabbaProject\DabbaProject\Source.cpp(495,27): warning C4305: 'argument': truncation from 'double' to 'GLfloat'
D:\leaky bucket\LeakyBucket\DabbaProject\DabbaProject\Source.cpp(501,27): warning C4305: 'argument': truncation from 'double' to 'GLfloat'
D:\leaky bucket\LeakyBucket\DabbaProject\DabbaProject\Source.cpp(504,25): warning C4305: 'argument': truncation from 'double' to 'GLfloat'
D:\leaky bucket\LeakyBucket\DabbaProject\DabbaProject\Source.cpp(507,27): warning C4305: 'argument': truncation from 'double' to 'GLfloat'
D:\leaky bucket\LeakyBucket\DabbaProject\DabbaProject\Source.cpp(510,25): warning C4305: 'argument': truncation from 'double' to 'GLfloat'
D:\leaky bucket\LeakyBucket\DabbaProject\DabbaProject\Source.cpp(513,27): warning C4305: 'argument': truncation from 'double' to 'GLfloat'
D:\leaky bucket\LeakyBucket\DabbaProject\DabbaProject\Source.cpp(516,27): warning C4305: 'argument': truncation from 'double' to 'GLfloat'
D:\leaky bucket\LeakyBucket\DabbaProject\DabbaProject\Source.cpp(519,25): warning C4305: 'argument': truncation from 'double' to 'GLfloat'
D:\leaky bucket\LeakyBucket\DabbaProject\DabbaProject\Source.cpp(522,27): warning C4305: 'argument': truncation from 'double' to 'GLfloat'
D:\leaky bucket\LeakyBucket\DabbaProject\DabbaProject\Source.cpp(525,27): warning C4305: 'argument': truncation from 'double' to 'GLfloat'
D:\leaky bucket\LeakyBucket\DabbaProject\DabbaProject\Source.cpp(475,6): warning C4101: 'i': unreferenced local variable
D:\leaky bucket\LeakyBucket\DabbaProject\DabbaProject\Source.cpp(559,33): warning C4305: 'argument': truncation from 'double' to 'GLclampf'
  DabbaProject.vcxproj -> D:\leaky bucket\LeakyBucket\DabbaProject\Debug\DabbaProject.exe
